<?xml version="1.0" encoding="UTF-8"?>
<!-- Generated by org.testng.reporters.JUnitReportReporter -->
<testsuite skipped="0" hostname="LAPTOP-LOG2SSBM" name="Come.SecondTest" tests="1" failures="0" timestamp="19 Jun 2020 11:10:24 GMT" time="13.308" errors="1">
  <testcase name="Spice" time="13.308" classname="Come.SecondTest">
    <error type="org.openqa.selenium.SessionNotCreatedException" message="session not created
from chrome not reachable
  (Session info: chrome=83.0.4103.106)
Build info: version: &#039;3.141.59&#039;, revision: &#039;e82be7d358&#039;, time: &#039;2018-11-14T08:17:03&#039;
System info: host: &#039;LAPTOP-LOG2SSBM&#039;, ip: &#039;192.168.56.1&#039;, os.name: &#039;Windows 10&#039;, os.arch: &#039;amd64&#039;, os.version: &#039;10.0&#039;, java.version: &#039;1.8.0_231&#039;
Driver info: driver.version: ChromeDriver
remote stacktrace: Backtrace:
	Ordinal0 [0x005B9563+2725219]
	Ordinal0 [0x004B8551+1672529]
	Ordinal0 [0x003A0202+524802]
	Ordinal0 [0x003999B2+498098]
	Ordinal0 [0x0039A09B+499867]
	Ordinal0 [0x0039AFF5+503797]
	Ordinal0 [0x00396994+485780]
	Ordinal0 [0x003A0FF0+528368]
	Ordinal0 [0x0034D6C9+186057]
	Ordinal0 [0x0034CA3D+182845]
	Ordinal0 [0x0034A94B+174411]
	Ordinal0 [0x00332528+75048]
	Ordinal0 [0x003335A0+79264]
	Ordinal0 [0x00333539+79161]
	Ordinal0 [0x004CD607+1758727]
	GetHandleVerifier [0x006D6546+1050150]
	GetHandleVerifier [0x006D6291+1049457]
	GetHandleVerifier [0x006E10D7+1094071]
	GetHandleVerifier [0x006D6B46+1051686]
	Ordinal0 [0x004C5B06+1727238]
	Ordinal0 [0x004CEB7B+1764219]
	Ordinal0 [0x004CECE3+1764579]
	Ordinal0 [0x004E4C05+1854469]
	BaseThreadInitThunk [0x76646359+25]
	RtlGetAppContainerNamedObjectPath [0x77C37C24+228]
	RtlGetAppContainerNamedObjectPath [0x77C37BF4+180]
">
      <![CDATA[org.openqa.selenium.SessionNotCreatedException: session not created
from chrome not reachable
  (Session info: chrome=83.0.4103.106)
Build info: version: '3.141.59', revision: 'e82be7d358', time: '2018-11-14T08:17:03'
System info: host: 'LAPTOP-LOG2SSBM', ip: '192.168.56.1', os.name: 'Windows 10', os.arch: 'amd64', os.version: '10.0', java.version: '1.8.0_231'
Driver info: driver.version: ChromeDriver
remote stacktrace: Backtrace:
Ordinal0 [0x005B9563+2725219]
Ordinal0 [0x004B8551+1672529]
Ordinal0 [0x003A0202+524802]
Ordinal0 [0x003999B2+498098]
Ordinal0 [0x0039A09B+499867]
Ordinal0 [0x0039AFF5+503797]
Ordinal0 [0x00396994+485780]
Ordinal0 [0x003A0FF0+528368]
Ordinal0 [0x0034D6C9+186057]
Ordinal0 [0x0034CA3D+182845]
Ordinal0 [0x0034A94B+174411]
Ordinal0 [0x00332528+75048]
Ordinal0 [0x003335A0+79264]
Ordinal0 [0x00333539+79161]
Ordinal0 [0x004CD607+1758727]
GetHandleVerifier [0x006D6546+1050150]
GetHandleVerifier [0x006D6291+1049457]
GetHandleVerifier [0x006E10D7+1094071]
GetHandleVerifier [0x006D6B46+1051686]
Ordinal0 [0x004C5B06+1727238]
Ordinal0 [0x004CEB7B+1764219]
Ordinal0 [0x004CECE3+1764579]
Ordinal0 [0x004E4C05+1854469]
BaseThreadInitThunk [0x76646359+25]
RtlGetAppContainerNamedObjectPath [0x77C37C24+228]
RtlGetAppContainerNamedObjectPath [0x77C37BF4+180]

at sun.reflect.NativeConstructorAccessorImpl.newInstance0(Native Method)
at sun.reflect.NativeConstructorAccessorImpl.newInstance(NativeConstructorAccessorImpl.java:62)
at sun.reflect.DelegatingConstructorAccessorImpl.newInstance(DelegatingConstructorAccessorImpl.java:45)
at java.lang.reflect.Constructor.newInstance(Constructor.java:423)
at org.openqa.selenium.remote.W3CHandshakeResponse.lambda$errorHandler$0(W3CHandshakeResponse.java:62)
at org.openqa.selenium.remote.HandshakeResponse.lambda$getResponseFunction$0(HandshakeResponse.java:30)
at org.openqa.selenium.remote.ProtocolHandshake.lambda$createSession$0(ProtocolHandshake.java:126)
at java.util.stream.ReferencePipeline$3$1.accept(ReferencePipeline.java:193)
at java.util.Spliterators$ArraySpliterator.tryAdvance(Spliterators.java:958)
at java.util.stream.ReferencePipeline.forEachWithCancel(ReferencePipeline.java:126)
at java.util.stream.AbstractPipeline.copyIntoWithCancel(AbstractPipeline.java:499)
at java.util.stream.AbstractPipeline.copyInto(AbstractPipeline.java:486)
at java.util.stream.AbstractPipeline.wrapAndCopyInto(AbstractPipeline.java:472)
at java.util.stream.FindOps$FindOp.evaluateSequential(FindOps.java:152)
at java.util.stream.AbstractPipeline.evaluate(AbstractPipeline.java:234)
at java.util.stream.ReferencePipeline.findFirst(ReferencePipeline.java:464)
at org.openqa.selenium.remote.ProtocolHandshake.createSession(ProtocolHandshake.java:128)
at org.openqa.selenium.remote.ProtocolHandshake.createSession(ProtocolHandshake.java:74)
at org.openqa.selenium.remote.HttpCommandExecutor.execute(HttpCommandExecutor.java:136)
at org.openqa.selenium.remote.service.DriverCommandExecutor.execute(DriverCommandExecutor.java:83)
at org.openqa.selenium.remote.RemoteWebDriver.execute(RemoteWebDriver.java:552)
at org.openqa.selenium.remote.RemoteWebDriver.startSession(RemoteWebDriver.java:213)
at org.openqa.selenium.remote.RemoteWebDriver.<init>(RemoteWebDriver.java:131)
at org.openqa.selenium.chrome.ChromeDriver.<init>(ChromeDriver.java:181)
at org.openqa.selenium.chrome.ChromeDriver.<init>(ChromeDriver.java:168)
at org.openqa.selenium.chrome.ChromeDriver.<init>(ChromeDriver.java:123)
at Come.base.startDriver(base.java:28)
at Come.SecondTest.Spice(SecondTest.java:18)
at sun.reflect.NativeMethodAccessorImpl.invoke0(Native Method)
at sun.reflect.NativeMethodAccessorImpl.invoke(NativeMethodAccessorImpl.java:62)
at sun.reflect.DelegatingMethodAccessorImpl.invoke(DelegatingMethodAccessorImpl.java:43)
at java.lang.reflect.Method.invoke(Method.java:498)
at org.testng.internal.MethodInvocationHelper.invokeMethod(MethodInvocationHelper.java:124)
at org.testng.internal.Invoker.invokeMethod(Invoker.java:583)
at org.testng.internal.Invoker.invokeTestMethod(Invoker.java:719)
at org.testng.internal.Invoker.invokeTestMethods(Invoker.java:989)
at org.testng.internal.TestMethodWorker.invokeTestMethods(TestMethodWorker.java:125)
at org.testng.internal.TestMethodWorker.run(TestMethodWorker.java:109)
at org.testng.TestRunner.privateRun(TestRunner.java:648)
at org.testng.TestRunner.run(TestRunner.java:505)
at org.testng.SuiteRunner.runTest(SuiteRunner.java:455)
at org.testng.SuiteRunner.access$000(SuiteRunner.java:40)
at org.testng.SuiteRunner$SuiteWorker.run(SuiteRunner.java:489)
at org.testng.internal.thread.ThreadUtil$1.call(ThreadUtil.java:52)
at java.util.concurrent.FutureTask.run(FutureTask.java:266)
at java.util.concurrent.ThreadPoolExecutor.runWorker(ThreadPoolExecutor.java:1149)
at java.util.concurrent.ThreadPoolExecutor$Worker.run(ThreadPoolExecutor.java:624)
at java.lang.Thread.run(Thread.java:748)
]]>
    </error>
  </testcase> <!-- Spice -->
</testsuite> <!-- Come.SecondTest -->
